bai2/baithuchanh2tuanduc/app/build/intermediates/manifest_merge_blame_file/debug/processDebugMainManifest/manifest-merger-blame-debug-report.txt
1<?xml version="1.0" encoding="utf-8"?>
2<manifest xmlns:android="http://schemas.android.com/apk/res/android"
3    package="com.example.baitapui"
4    android:versionCode="1"
5    android:versionName="1.0" >
6
7    <uses-sdk
8        android:minSdkVersion="23"
9        android:targetSdkVersion="35" />
10
11    <application
11-->src\main\AndroidManifest.xml:2:5-24:19
12        android:allowBackup="true"
12-->src\main\AndroidManifest.xml:3:9-35
13        android:appComponentFactory="androidx.core.app.CoreComponentFactory"
13-->[androidx.core:core:1.3.2] AndroidManifest.xml:24:18-86
14        android:debuggable="true"
15        android:extractNativeLibs="false"
16        android:icon="@drawable/bg_logo"
16-->src\main\AndroidManifest.xml:4:9-41
17        android:label="@string/app_name"
17-->src\main\AndroidManifest.xml:5:9-41
18        android:roundIcon="@drawable/bg_logo"
18-->src\main\AndroidManifest.xml:6:9-46
19        android:supportsRtl="true"
19-->src\main\AndroidManifest.xml:7:9-35
20        android:testOnly="true"
21        android:theme="@style/AppTheme" >
21-->src\main\AndroidManifest.xml:8:9-40
22        <activity android:name="com.example.baitapui.Bai5AddStudentActivity" />
22-->src\main\AndroidManifest.xml:10:9-60
22-->src\main\AndroidManifest.xml:10:19-57
23        <activity android:name="com.example.baitapui.Bai5StudentListActivity" />
23-->src\main\AndroidManifest.xml:11:9-61
23-->src\main\AndroidManifest.xml:11:19-58
24        <activity android:name="com.example.baitapui.Bai5HomeActivity" />
24-->src\main\AndroidManifest.xml:12:9-54
24-->src\main\AndroidManifest.xml:12:19-51
25        <activity android:name="com.example.baitapui.Bai4Activity" />
25-->src\main\AndroidManifest.xml:13:9-50
25-->src\main\AndroidManifest.xml:13:19-47
26        <activity android:name="com.example.baitapui.Bai3Activity" />
26-->src\main\AndroidManifest.xml:14:9-50
26-->src\main\AndroidManifest.xml:14:19-47
27        <activity android:name="com.example.baitapui.Bai2Activity" />
27-->src\main\AndroidManifest.xml:15:9-50
27-->src\main\AndroidManifest.xml:15:19-47
28        <activity android:name="com.example.baitapui.Bai1Activity" />
28-->src\main\AndroidManifest.xml:16:9-50
28-->src\main\AndroidManifest.xml:16:19-47
29        <activity
29-->src\main\AndroidManifest.xml:18:9-23:20
30            android:name="com.example.baitapui.MainActivity"
30-->src\main\AndroidManifest.xml:18:19-47
31            android:exported="true" >
31-->src\main\AndroidManifest.xml:18:48-71
32            <intent-filter>
32-->src\main\AndroidManifest.xml:19:13-22:29
33                <action android:name="android.intent.action.MAIN" />
33-->src\main\AndroidManifest.xml:20:17-69
33-->src\main\AndroidManifest.xml:20:25-66
34
35                <category android:name="android.intent.category.LAUNCHER" />
35-->src\main\AndroidManifest.xml:21:17-77
35-->src\main\AndroidManifest.xml:21:27-74
36            </intent-filter>
37        </activity>
38
39        <provider
39-->[androidx.profileinstaller:profileinstaller:1.4.0] AndroidManifest.xml:24:9-32:20
40            android:name="androidx.startup.InitializationProvider"
40-->[androidx.profileinstaller:profileinstaller:1.4.0] AndroidManifest.xml:25:13-67
41            android:authorities="com.example.baitapui.androidx-startup"
41-->[androidx.profileinstaller:profileinstaller:1.4.0] AndroidManifest.xml:26:13-68
42            android:exported="false" >
42-->[androidx.profileinstaller:profileinstaller:1.4.0] AndroidManifest.xml:27:13-37
43            <meta-data
43-->[androidx.profileinstaller:profileinstaller:1.4.0] AndroidManifest.xml:29:13-31:52
44                android:name="androidx.profileinstaller.ProfileInstallerInitializer"
44-->[androidx.profileinstaller:profileinstaller:1.4.0] AndroidManifest.xml:30:17-85
45                android:value="androidx.startup" />
45-->[androidx.profileinstaller:profileinstaller:1.4.0] AndroidManifest.xml:31:17-49
46        </provider>
47
48        <receiver
48-->[androidx.profileinstaller:profileinstaller:1.4.0] AndroidManifest.xml:34:9-52:20
49            android:name="androidx.profileinstaller.ProfileInstallReceiver"
49-->[androidx.profileinstaller:profileinstaller:1.4.0] AndroidManifest.xml:35:13-76
50            android:directBootAware="false"
50-->[androidx.profileinstaller:profileinstaller:1.4.0] AndroidManifest.xml:36:13-44
51            android:enabled="true"
51-->[androidx.profileinstaller:profileinstaller:1.4.0] AndroidManifest.xml:37:13-35
52            android:exported="true"
52-->[androidx.profileinstaller:profileinstaller:1.4.0] AndroidManifest.xml:38:13-36
53            android:permission="android.permission.DUMP" >
53-->[androidx.profileinstaller:profileinstaller:1.4.0] AndroidManifest.xml:39:13-57
54            <intent-filter>
54-->[androidx.profileinstaller:profileinstaller:1.4.0] AndroidManifest.xml:40:13-42:29
55                <action android:name="androidx.profileinstaller.action.INSTALL_PROFILE" />
55-->[androidx.profileinstaller:profileinstaller:1.4.0] AndroidManifest.xml:41:17-91
55-->[androidx.profileinstaller:profileinstaller:1.4.0] AndroidManifest.xml:41:25-88
56            </intent-filter>
57            <intent-filter>
57-->[androidx.profileinstaller:profileinstaller:1.4.0] AndroidManifest.xml:43:13-45:29
58                <action android:name="androidx.profileinstaller.action.SKIP_FILE" />
58-->[androidx.profileinstaller:profileinstaller:1.4.0] AndroidManifest.xml:44:17-85
58-->[androidx.profileinstaller:profileinstaller:1.4.0] AndroidManifest.xml:44:25-82
59            </intent-filter>
60            <intent-filter>
60-->[androidx.profileinstaller:profileinstaller:1.4.0] AndroidManifest.xml:46:13-48:29
61                <action android:name="androidx.profileinstaller.action.SAVE_PROFILE" />
61-->[androidx.profileinstaller:profileinstaller:1.4.0] AndroidManifest.xml:47:17-88
61-->[androidx.profileinstaller:profileinstaller:1.4.0] AndroidManifest.xml:47:25-85
62            </intent-filter>
63            <intent-filter>
63-->[androidx.profileinstaller:profileinstaller:1.4.0] AndroidManifest.xml:49:13-51:29
64                <action android:name="androidx.profileinstaller.action.BENCHMARK_OPERATION" />
64-->[androidx.profileinstaller:profileinstaller:1.4.0] AndroidManifest.xml:50:17-95
64-->[androidx.profileinstaller:profileinstaller:1.4.0] AndroidManifest.xml:50:25-92
65            </intent-filter>
66        </receiver>
67    </application>
68
69</manifest>